<?xml version="1.0" encoding="UTF-8"?>
<testsuites>
  <testsuite name="Hurt me plenty" timestamp="2023-06-02T17:26:24" time="30.408" tests="0" failures="0" errors="0" skipped="0">
    <properties>
      <property name="specId" value="0"/>
      <property name="suiteName" value="Hurt me plenty"/>
      <property name="capabilities" value="chrome.114_0_5735_90.windows"/>
      <property name="file" value="file:///E:/Lernen/WDIO/tests/specs/ref.spec.js"/>
    </properties>
  </testsuite>
  <testsuite name="Conformance check" timestamp="2023-06-02T17:26:53" time="0.893" tests="6" failures="0" errors="0" skipped="0">
    <properties>
      <property name="specId" value="0"/>
      <property name="suiteName" value="Conformance check"/>
      <property name="capabilities" value="chrome.114_0_5735_90.windows"/>
      <property name="file" value="file:///E:/Lernen/WDIO/tests/specs/ref.spec.js"/>
    </properties>
    <testcase classname="chrome.114_0_5735_90.windows.Hurt_me_plenty.Conformance_check" name="should have same location" time="0.367">
      <system-out><![CDATA[
COMMAND: POST /session/7535fd65e2ba916884b630f8d9b30cb6/element - {"using":"css selector","value":"md-content #compute"}
RESULT: {"using":"css selector","value":"md-content #compute"}
COMMAND: POST /session/7535fd65e2ba916884b630f8d9b30cb6/element/5ACBF15A8B8DE862C9CDB210714B0C04_element_294/element - {"using":"xpath","value":"//div[contains(text(),\"Region:\")]"}
RESULT: {"using":"xpath","value":"//div[contains(text(),\"Region:\")]"}
COMMAND: POST /session/7535fd65e2ba916884b630f8d9b30cb6/execute/sync - {"script":"return (function isElementDisplayed(element) {\n    function nodeIsElement(node) {\n        if (!node) {\n            return false;\n        }\n        switch (node.nodeType) {\n            case Node.ELEMEN ... (7807 more bytes)","args":[{"element-6066-11e4-a52e-4f735466cecf":"5ACBF15A8B8DE862C9CDB210714B0C04_element_295","ELEMENT":"5ACBF15A8B8DE862C9CDB210714B0C04_element_295"}]}
RESULT: {"script":"return (function isElementDisplayed(element) {\n    function nodeIsElement(node) {\n        if (!node) {\n            return false;\n        }\n        switch (node.nodeType) {\n            case Node.ELEMEN ... (7807 more bytes)","args":[{"element-6066-11e4-a52e-4f735466cecf":"5ACBF15A8B8DE862C9CDB210714B0C04_element_295","ELEMENT":"5ACBF15A8B8DE862C9CDB210714B0C04_element_295"}]}
COMMAND: GET /session/7535fd65e2ba916884b630f8d9b30cb6/element/5ACBF15A8B8DE862C9CDB210714B0C04_element_295/text - {}
RESULT: {}
]]></system-out>
    </testcase>
    <testcase classname="chrome.114_0_5735_90.windows.Hurt_me_plenty.Conformance_check" name="Should have same commitment term" time="0.104">
      <system-out><![CDATA[
COMMAND: POST /session/7535fd65e2ba916884b630f8d9b30cb6/element - {"using":"css selector","value":"md-content #compute"}
RESULT: {"using":"css selector","value":"md-content #compute"}
COMMAND: POST /session/7535fd65e2ba916884b630f8d9b30cb6/element/5ACBF15A8B8DE862C9CDB210714B0C04_element_294/element - {"using":"xpath","value":"//div[contains(text(),\"Commitment term:\")]"}
RESULT: {"using":"xpath","value":"//div[contains(text(),\"Commitment term:\")]"}
COMMAND: POST /session/7535fd65e2ba916884b630f8d9b30cb6/execute/sync - {"script":"return (function isElementDisplayed(element) {\n    function nodeIsElement(node) {\n        if (!node) {\n            return false;\n        }\n        switch (node.nodeType) {\n            case Node.ELEMEN ... (7807 more bytes)","args":[{"element-6066-11e4-a52e-4f735466cecf":"5ACBF15A8B8DE862C9CDB210714B0C04_element_296","ELEMENT":"5ACBF15A8B8DE862C9CDB210714B0C04_element_296"}]}
RESULT: {"script":"return (function isElementDisplayed(element) {\n    function nodeIsElement(node) {\n        if (!node) {\n            return false;\n        }\n        switch (node.nodeType) {\n            case Node.ELEMEN ... (7807 more bytes)","args":[{"element-6066-11e4-a52e-4f735466cecf":"5ACBF15A8B8DE862C9CDB210714B0C04_element_296","ELEMENT":"5ACBF15A8B8DE862C9CDB210714B0C04_element_296"}]}
COMMAND: GET /session/7535fd65e2ba916884b630f8d9b30cb6/element/5ACBF15A8B8DE862C9CDB210714B0C04_element_296/text - {}
RESULT: {}
]]></system-out>
    </testcase>
    <testcase classname="chrome.114_0_5735_90.windows.Hurt_me_plenty.Conformance_check" name="Should have same VM class" time="0.093">
      <system-out><![CDATA[
COMMAND: POST /session/7535fd65e2ba916884b630f8d9b30cb6/element - {"using":"css selector","value":"md-content #compute"}
RESULT: {"using":"css selector","value":"md-content #compute"}
COMMAND: POST /session/7535fd65e2ba916884b630f8d9b30cb6/element/5ACBF15A8B8DE862C9CDB210714B0C04_element_294/element - {"using":"xpath","value":"//div[contains(text(),\"Provisioning model:\")]"}
RESULT: {"using":"xpath","value":"//div[contains(text(),\"Provisioning model:\")]"}
COMMAND: POST /session/7535fd65e2ba916884b630f8d9b30cb6/execute/sync - {"script":"return (function isElementDisplayed(element) {\n    function nodeIsElement(node) {\n        if (!node) {\n            return false;\n        }\n        switch (node.nodeType) {\n            case Node.ELEMEN ... (7807 more bytes)","args":[{"element-6066-11e4-a52e-4f735466cecf":"5ACBF15A8B8DE862C9CDB210714B0C04_element_297","ELEMENT":"5ACBF15A8B8DE862C9CDB210714B0C04_element_297"}]}
RESULT: {"script":"return (function isElementDisplayed(element) {\n    function nodeIsElement(node) {\n        if (!node) {\n            return false;\n        }\n        switch (node.nodeType) {\n            case Node.ELEMEN ... (7807 more bytes)","args":[{"element-6066-11e4-a52e-4f735466cecf":"5ACBF15A8B8DE862C9CDB210714B0C04_element_297","ELEMENT":"5ACBF15A8B8DE862C9CDB210714B0C04_element_297"}]}
COMMAND: GET /session/7535fd65e2ba916884b630f8d9b30cb6/element/5ACBF15A8B8DE862C9CDB210714B0C04_element_297/text - {}
RESULT: {}
]]></system-out>
    </testcase>
    <testcase classname="chrome.114_0_5735_90.windows.Hurt_me_plenty.Conformance_check" name="Should have same instance type" time="0.088">
      <system-out><![CDATA[
COMMAND: POST /session/7535fd65e2ba916884b630f8d9b30cb6/element - {"using":"css selector","value":"md-content #compute"}
RESULT: {"using":"css selector","value":"md-content #compute"}
COMMAND: POST /session/7535fd65e2ba916884b630f8d9b30cb6/element/5ACBF15A8B8DE862C9CDB210714B0C04_element_294/element - {"using":"xpath","value":"//div[contains(text(),\"Instance type:\")]"}
RESULT: {"using":"xpath","value":"//div[contains(text(),\"Instance type:\")]"}
COMMAND: POST /session/7535fd65e2ba916884b630f8d9b30cb6/execute/sync - {"script":"return (function isElementDisplayed(element) {\n    function nodeIsElement(node) {\n        if (!node) {\n            return false;\n        }\n        switch (node.nodeType) {\n            case Node.ELEMEN ... (7807 more bytes)","args":[{"element-6066-11e4-a52e-4f735466cecf":"5ACBF15A8B8DE862C9CDB210714B0C04_element_298","ELEMENT":"5ACBF15A8B8DE862C9CDB210714B0C04_element_298"}]}
RESULT: {"script":"return (function isElementDisplayed(element) {\n    function nodeIsElement(node) {\n        if (!node) {\n            return false;\n        }\n        switch (node.nodeType) {\n            case Node.ELEMEN ... (7807 more bytes)","args":[{"element-6066-11e4-a52e-4f735466cecf":"5ACBF15A8B8DE862C9CDB210714B0C04_element_298","ELEMENT":"5ACBF15A8B8DE862C9CDB210714B0C04_element_298"}]}
COMMAND: GET /session/7535fd65e2ba916884b630f8d9b30cb6/element/5ACBF15A8B8DE862C9CDB210714B0C04_element_298/text - {}
RESULT: {}
]]></system-out>
    </testcase>
    <testcase classname="chrome.114_0_5735_90.windows.Hurt_me_plenty.Conformance_check" name="Should have same SSD" time="0.116">
      <system-out><![CDATA[
COMMAND: POST /session/7535fd65e2ba916884b630f8d9b30cb6/element - {"using":"css selector","value":"md-content #compute"}
RESULT: {"using":"css selector","value":"md-content #compute"}
COMMAND: POST /session/7535fd65e2ba916884b630f8d9b30cb6/element/5ACBF15A8B8DE862C9CDB210714B0C04_element_294/element - {"using":"xpath","value":"//div[contains(text(),\"Local SSD:\")]"}
RESULT: {"using":"xpath","value":"//div[contains(text(),\"Local SSD:\")]"}
COMMAND: POST /session/7535fd65e2ba916884b630f8d9b30cb6/execute/sync - {"script":"return (function isElementDisplayed(element) {\n    function nodeIsElement(node) {\n        if (!node) {\n            return false;\n        }\n        switch (node.nodeType) {\n            case Node.ELEMEN ... (7807 more bytes)","args":[{"element-6066-11e4-a52e-4f735466cecf":"5ACBF15A8B8DE862C9CDB210714B0C04_element_299","ELEMENT":"5ACBF15A8B8DE862C9CDB210714B0C04_element_299"}]}
RESULT: {"script":"return (function isElementDisplayed(element) {\n    function nodeIsElement(node) {\n        if (!node) {\n            return false;\n        }\n        switch (node.nodeType) {\n            case Node.ELEMEN ... (7807 more bytes)","args":[{"element-6066-11e4-a52e-4f735466cecf":"5ACBF15A8B8DE862C9CDB210714B0C04_element_299","ELEMENT":"5ACBF15A8B8DE862C9CDB210714B0C04_element_299"}]}
COMMAND: GET /session/7535fd65e2ba916884b630f8d9b30cb6/element/5ACBF15A8B8DE862C9CDB210714B0C04_element_299/text - {}
RESULT: {}
]]></system-out>
    </testcase>
    <testcase classname="chrome.114_0_5735_90.windows.Hurt_me_plenty.Conformance_check" name="Should have same price per month as if filled manually" time="0.12">
      <system-out><![CDATA[
COMMAND: POST /session/7535fd65e2ba916884b630f8d9b30cb6/element - {"using":"css selector","value":"md-content #compute"}
RESULT: {"using":"css selector","value":"md-content #compute"}
COMMAND: POST /session/7535fd65e2ba916884b630f8d9b30cb6/element/5ACBF15A8B8DE862C9CDB210714B0C04_element_294/element - {"using":"xpath","value":"//div//b[contains(text(),\"Estimated Component Cost:\")]"}
RESULT: {"using":"xpath","value":"//div//b[contains(text(),\"Estimated Component Cost:\")]"}
COMMAND: POST /session/7535fd65e2ba916884b630f8d9b30cb6/execute/sync - {"script":"return (function isElementDisplayed(element) {\n    function nodeIsElement(node) {\n        if (!node) {\n            return false;\n        }\n        switch (node.nodeType) {\n            case Node.ELEMEN ... (7807 more bytes)","args":[{"element-6066-11e4-a52e-4f735466cecf":"5ACBF15A8B8DE862C9CDB210714B0C04_element_300","ELEMENT":"5ACBF15A8B8DE862C9CDB210714B0C04_element_300"}]}
RESULT: {"script":"return (function isElementDisplayed(element) {\n    function nodeIsElement(node) {\n        if (!node) {\n            return false;\n        }\n        switch (node.nodeType) {\n            case Node.ELEMEN ... (7807 more bytes)","args":[{"element-6066-11e4-a52e-4f735466cecf":"5ACBF15A8B8DE862C9CDB210714B0C04_element_300","ELEMENT":"5ACBF15A8B8DE862C9CDB210714B0C04_element_300"}]}
COMMAND: GET /session/7535fd65e2ba916884b630f8d9b30cb6/element/5ACBF15A8B8DE862C9CDB210714B0C04_element_300/text - {}
RESULT: {}
COMMAND: DELETE /session/7535fd65e2ba916884b630f8d9b30cb6 - {}
RESULT: {}
]]></system-out>
    </testcase>
  </testsuite>
</testsuites>