<?xml version="1.0" encoding="UTF-8"?>
<testsuites>
  <testsuite name="Hardcore" timestamp="2023-06-01T23:57:07" time="41.604" tests="1" failures="1" errors="1" skipped="0">
    <properties>
      <property name="specId" value="0"/>
      <property name="suiteName" value="Hardcore"/>
      <property name="capabilities" value="chrome.113_0_5672_127.windows"/>
      <property name="file" value="file:///E:/Lernen/WDIO/tests/specs/ref2.spec.js"/>
    </properties>
    <testcase classname="chrome.113_0_5672_127.windows.Hardcore" name="SendEmail" time="41.601">
      <failure/>
      <error message="invalid argument: missing 'ELEMENT'&#xA;  (Session info: chrome=113.0.5672.127)"/>
      <system-out><![CDATA[
COMMAND: POST /session/2c53a4770d055e4a39f830035ee4e6c0/url - {"url":"https://cloud.google.com/"}
RESULT: {"x":null,"y":null,"width":1920,"height":1080}
RESULT: {"url":"https://cloud.google.com/"}
COMMAND: POST /session/2c53a4770d055e4a39f830035ee4e6c0/element - {"using":"css selector","value":".devsite-header--inner"}
RESULT: {"using":"css selector","value":".devsite-header--inner"}
COMMAND: POST /session/2c53a4770d055e4a39f830035ee4e6c0/element/00E33C7363BBCC0188D475A80CF8932C_element_46/element - {"using":"css selector","value":".devsite-search-field"}
RESULT: {"using":"css selector","value":".devsite-search-field"}
COMMAND: POST /session/2c53a4770d055e4a39f830035ee4e6c0/element/00E33C7363BBCC0188D475A80CF8932C_element_47/clear - {}
RESULT: {}
COMMAND: POST /session/2c53a4770d055e4a39f830035ee4e6c0/element/00E33C7363BBCC0188D475A80CF8932C_element_47/value - {"text":"Google Cloud Platform Pricing Calculator"}
RESULT: {"text":"Google Cloud Platform Pricing Calculator"}
COMMAND: DELETE /session/2c53a4770d055e4a39f830035ee4e6c0/actions - {}
COMMAND: POST /session/2c53a4770d055e4a39f830035ee4e6c0/actions - {"actions":[{"type":"key","id":"keyboard","actions":[{"type":"keyDown","value":""}]}]}
COMMAND: POST /session/2c53a4770d055e4a39f830035ee4e6c0/element - {"using":"css selector","value":".devsite-article"}
RESULT: {}
RESULT: {"actions":[{"type":"key","id":"keyboard","actions":[{"type":"keyDown","value":""}]}]}
RESULT: {"using":"css selector","value":".devsite-article"}
COMMAND: POST /session/2c53a4770d055e4a39f830035ee4e6c0/element/00E33C7363BBCC0188D475A80CF8932C_element_52/element - {"using":"xpath","value":"//b[normalize-space(text())='Google Cloud Platform Pricing Calculator']"}
RESULT: {"using":"xpath","value":"//b[normalize-space(text())='Google Cloud Platform Pricing Calculator']"}
COMMAND: POST /session/2c53a4770d055e4a39f830035ee4e6c0/element/00E33C7363BBCC0188D475A80CF8932C_element_52/element - {"using":"xpath","value":"//b[normalize-space(text())='Google Cloud Platform Pricing Calculator']"}
RESULT: {"using":"xpath","value":"//b[normalize-space(text())='Google Cloud Platform Pricing Calculator']"}
COMMAND: POST /session/2c53a4770d055e4a39f830035ee4e6c0/element/00E33C7363BBCC0188D475A80CF8932C_element_52/element - {"using":"xpath","value":"//b[normalize-space(text())='Google Cloud Platform Pricing Calculator']"}
RESULT: {"using":"xpath","value":"//b[normalize-space(text())='Google Cloud Platform Pricing Calculator']"}
COMMAND: POST /session/2c53a4770d055e4a39f830035ee4e6c0/element/00E33C7363BBCC0188D475A80CF8932C_element_52/element - {"using":"xpath","value":"//b[normalize-space(text())='Google Cloud Platform Pricing Calculator']"}
COMMAND: POST /session/2c53a4770d055e4a39f830035ee4e6c0/element - {"using":"css selector","value":".devsite-article"}
RESULT: {"using":"css selector","value":".devsite-article"}
COMMAND: POST /session/2c53a4770d055e4a39f830035ee4e6c0/element/00E33C7363BBCC0188D475A80CF8932C_element_52/element - {"using":"xpath","value":"//b[normalize-space(text())='Google Cloud Platform Pricing Calculator']"}
COMMAND: POST /session/2c53a4770d055e4a39f830035ee4e6c0/element - {"using":"css selector","value":".devsite-article"}
RESULT: {"using":"css selector","value":".devsite-article"}
COMMAND: POST /session/2c53a4770d055e4a39f830035ee4e6c0/element/00E33C7363BBCC0188D475A80CF8932C_element_101/element - {"using":"xpath","value":"//b[normalize-space(text())='Google Cloud Platform Pricing Calculator']"}
RESULT: {"using":"xpath","value":"//b[normalize-space(text())='Google Cloud Platform Pricing Calculator']"}
COMMAND: POST /session/2c53a4770d055e4a39f830035ee4e6c0/element/00E33C7363BBCC0188D475A80CF8932C_element_101/element - {"using":"xpath","value":"//b[normalize-space(text())='Google Cloud Platform Pricing Calculator']"}
RESULT: {"using":"xpath","value":"//b[normalize-space(text())='Google Cloud Platform Pricing Calculator']"}
COMMAND: POST /session/2c53a4770d055e4a39f830035ee4e6c0/element/00E33C7363BBCC0188D475A80CF8932C_element_101/element - {"using":"xpath","value":"//b[normalize-space(text())='Google Cloud Platform Pricing Calculator']"}
RESULT: {"using":"xpath","value":"//b[normalize-space(text())='Google Cloud Platform Pricing Calculator']"}
COMMAND: POST /session/2c53a4770d055e4a39f830035ee4e6c0/element/00E33C7363BBCC0188D475A80CF8932C_element_101/element - {"using":"xpath","value":"//b[normalize-space(text())='Google Cloud Platform Pricing Calculator']"}
RESULT: {"using":"xpath","value":"//b[normalize-space(text())='Google Cloud Platform Pricing Calculator']"}
COMMAND: POST /session/2c53a4770d055e4a39f830035ee4e6c0/execute/sync - {"script":"return (function isElementDisplayed(element) {\n    function nodeIsElement(node) {\n        if (!node) {\n            return false;\n        }\n        switch (node.nodeType) {\n            case Node.ELEMEN ... (7807 more bytes)","args":[{"element-6066-11e4-a52e-4f735466cecf":"00E33C7363BBCC0188D475A80CF8932C_element_125","ELEMENT":"00E33C7363BBCC0188D475A80CF8932C_element_125"}]}
RESULT: {"script":"return (function isElementDisplayed(element) {\n    function nodeIsElement(node) {\n        if (!node) {\n            return false;\n        }\n        switch (node.nodeType) {\n            case Node.ELEMEN ... (7807 more bytes)","args":[{"element-6066-11e4-a52e-4f735466cecf":"00E33C7363BBCC0188D475A80CF8932C_element_125","ELEMENT":"00E33C7363BBCC0188D475A80CF8932C_element_125"}]}
COMMAND: POST /session/2c53a4770d055e4a39f830035ee4e6c0/element/00E33C7363BBCC0188D475A80CF8932C_element_125/click - {}
RESULT: {}
COMMAND: POST /session/2c53a4770d055e4a39f830035ee4e6c0/element - {"using":"xpath","value":"//devsite-iframe//iframe"}
RESULT: {"using":"xpath","value":"//devsite-iframe//iframe"}
COMMAND: POST /session/2c53a4770d055e4a39f830035ee4e6c0/frame - {"id":{"sessionId":"2c53a4770d055e4a39f830035ee4e6c0","elementId":"66E2DCA07B506E4800375B953AFA8414_element_142","element-6066-11e4-a52e-4f735466cecf":"66E2DCA07B506E4800375B953AFA8414_element_142","selector":"//devsite-iframe//iframe","parent":{"capabilities":{"acceptInsecureCerts":false,"browserName":"chrome","browserVersion":"113.0.5672.127","chrome":{"chromedriverVersion":"113.0.5672.63 (0e1a4471d5ae5bf128b1bd8f4d627c8cbd55f70c-refs/branch-heads/5672@{#912})","userDataDir":"C:\\Users\\bakht\\AppData\\Local\\Temp\\scoped_dir7748_664965452"},"goog:chromeOptions":{"debuggerAddress":"localhost:61577"},"networkConnectionEnabled":false,"pageLoadStrategy":"normal","platformName":"windows","proxy":{},"setWindowRect":true,"_":"8 more keys: [\"strictFileInteractability\",\"timeouts\",\"unhandledPromptBehavior\",\"webauthn:extension:credBlob\",\"webauthn:extension:largeBlob\",\"webauthn:extension:minPinLength\",\"webauthn:extension:prf\",\"webauthn:virtualAuthenticators\"]"}},"isReactElement":false,"isShadowElement":false}}
RESULT: {"id":{"sessionId":"2c53a4770d055e4a39f830035ee4e6c0","elementId":"66E2DCA07B506E4800375B953AFA8414_element_142","element-6066-11e4-a52e-4f735466cecf":"66E2DCA07B506E4800375B953AFA8414_element_142","selector":"//devsite-iframe//iframe","parent":{"capabilities":{"acceptInsecureCerts":false,"browserName":"chrome","browserVersion":"113.0.5672.127","chrome":{"chromedriverVersion":"113.0.5672.63 (0e1a4471d5ae5bf128b1bd8f4d627c8cbd55f70c-refs/branch-heads/5672@{#912})","userDataDir":"C:\\Users\\bakht\\AppData\\Local\\Temp\\scoped_dir7748_664965452"},"goog:chromeOptions":{"debuggerAddress":"localhost:61577"},"networkConnectionEnabled":false,"pageLoadStrategy":"normal","platformName":"windows","proxy":{},"setWindowRect":true,"_":"8 more keys: [\"strictFileInteractability\",\"timeouts\",\"unhandledPromptBehavior\",\"webauthn:extension:credBlob\",\"webauthn:extension:largeBlob\",\"webauthn:extension:minPinLength\",\"webauthn:extension:prf\",\"webauthn:virtualAuthenticators\"]"}},"isReactElement":false,"isShadowElement":false}}
COMMAND: POST /session/2c53a4770d055e4a39f830035ee4e6c0/element - {"using":"css selector","value":"#myFrame"}
RESULT: {"using":"css selector","value":"#myFrame"}
COMMAND: POST /session/2c53a4770d055e4a39f830035ee4e6c0/frame - {"id":{"sessionId":"2c53a4770d055e4a39f830035ee4e6c0","elementId":"A6D8A57A06C22F8683BB5DD7BEA44B52_element_3","element-6066-11e4-a52e-4f735466cecf":"A6D8A57A06C22F8683BB5DD7BEA44B52_element_3","selector":"#myFrame","parent":{"capabilities":{"acceptInsecureCerts":false,"browserName":"chrome","browserVersion":"113.0.5672.127","chrome":{"chromedriverVersion":"113.0.5672.63 (0e1a4471d5ae5bf128b1bd8f4d627c8cbd55f70c-refs/branch-heads/5672@{#912})","userDataDir":"C:\\Users\\bakht\\AppData\\Local\\Temp\\scoped_dir7748_664965452"},"goog:chromeOptions":{"debuggerAddress":"localhost:61577"},"networkConnectionEnabled":false,"pageLoadStrategy":"normal","platformName":"windows","proxy":{},"setWindowRect":true,"_":"8 more keys: [\"strictFileInteractability\",\"timeouts\",\"unhandledPromptBehavior\",\"webauthn:extension:credBlob\",\"webauthn:extension:largeBlob\",\"webauthn:extension:minPinLength\",\"webauthn:extension:prf\",\"webauthn:virtualAuthenticators\"]"}},"isReactElement":false,"isShadowElement":false}}
RESULT: {"id":{"sessionId":"2c53a4770d055e4a39f830035ee4e6c0","elementId":"A6D8A57A06C22F8683BB5DD7BEA44B52_element_3","element-6066-11e4-a52e-4f735466cecf":"A6D8A57A06C22F8683BB5DD7BEA44B52_element_3","selector":"#myFrame","parent":{"capabilities":{"acceptInsecureCerts":false,"browserName":"chrome","browserVersion":"113.0.5672.127","chrome":{"chromedriverVersion":"113.0.5672.63 (0e1a4471d5ae5bf128b1bd8f4d627c8cbd55f70c-refs/branch-heads/5672@{#912})","userDataDir":"C:\\Users\\bakht\\AppData\\Local\\Temp\\scoped_dir7748_664965452"},"goog:chromeOptions":{"debuggerAddress":"localhost:61577"},"networkConnectionEnabled":false,"pageLoadStrategy":"normal","platformName":"windows","proxy":{},"setWindowRect":true,"_":"8 more keys: [\"strictFileInteractability\",\"timeouts\",\"unhandledPromptBehavior\",\"webauthn:extension:credBlob\",\"webauthn:extension:largeBlob\",\"webauthn:extension:minPinLength\",\"webauthn:extension:prf\",\"webauthn:virtualAuthenticators\"]"}},"isReactElement":false,"isShadowElement":false}}
COMMAND: POST /session/2c53a4770d055e4a39f830035ee4e6c0/element - {"using":"css selector","value":"form[name=ComputeEngineForm]"}
RESULT: {"using":"css selector","value":"form[name=ComputeEngineForm]"}
COMMAND: POST /session/2c53a4770d055e4a39f830035ee4e6c0/element/7BA389647C58DB28540CFC4E17D429B5_element_25/element - {"using":"css selector","value":"input[ng-model=\"listingCtrl.computeServer.quantity\"]"}
RESULT: {"using":"css selector","value":"input[ng-model=\"listingCtrl.computeServer.quantity\"]"}
COMMAND: POST /session/2c53a4770d055e4a39f830035ee4e6c0/execute/sync - {"script":"return (function isElementDisplayed(element) {\n    function nodeIsElement(node) {\n        if (!node) {\n            return false;\n        }\n        switch (node.nodeType) {\n            case Node.ELEMEN ... (7807 more bytes)","args":[{"element-6066-11e4-a52e-4f735466cecf":"7BA389647C58DB28540CFC4E17D429B5_element_26","ELEMENT":"7BA389647C58DB28540CFC4E17D429B5_element_26"}]}
RESULT: {"script":"return (function isElementDisplayed(element) {\n    function nodeIsElement(node) {\n        if (!node) {\n            return false;\n        }\n        switch (node.nodeType) {\n            case Node.ELEMEN ... (7807 more bytes)","args":[{"element-6066-11e4-a52e-4f735466cecf":"7BA389647C58DB28540CFC4E17D429B5_element_26","ELEMENT":"7BA389647C58DB28540CFC4E17D429B5_element_26"}]}
COMMAND: POST /session/2c53a4770d055e4a39f830035ee4e6c0/element/7BA389647C58DB28540CFC4E17D429B5_element_26/clear - {}
RESULT: {}
COMMAND: POST /session/2c53a4770d055e4a39f830035ee4e6c0/element/7BA389647C58DB28540CFC4E17D429B5_element_26/value - {"text":"4"}
RESULT: {"text":"4"}
COMMAND: POST /session/2c53a4770d055e4a39f830035ee4e6c0/element - {"using":"css selector","value":"form[name=ComputeEngineForm]"}
RESULT: {"using":"css selector","value":"form[name=ComputeEngineForm]"}
COMMAND: POST /session/2c53a4770d055e4a39f830035ee4e6c0/element/7BA389647C58DB28540CFC4E17D429B5_element_25/element - {"using":"css selector","value":"[ng-model=\"listingCtrl.computeServer.os\"]"}
RESULT: {"using":"css selector","value":"[ng-model=\"listingCtrl.computeServer.os\"]"}
COMMAND: POST /session/2c53a4770d055e4a39f830035ee4e6c0/execute/sync - {"script":"return (function isElementDisplayed(element) {\n    function nodeIsElement(node) {\n        if (!node) {\n            return false;\n        }\n        switch (node.nodeType) {\n            case Node.ELEMEN ... (7807 more bytes)","args":[{"element-6066-11e4-a52e-4f735466cecf":"7BA389647C58DB28540CFC4E17D429B5_element_28","ELEMENT":"7BA389647C58DB28540CFC4E17D429B5_element_28"}]}
RESULT: {"script":"return (function isElementDisplayed(element) {\n    function nodeIsElement(node) {\n        if (!node) {\n            return false;\n        }\n        switch (node.nodeType) {\n            case Node.ELEMEN ... (7807 more bytes)","args":[{"element-6066-11e4-a52e-4f735466cecf":"7BA389647C58DB28540CFC4E17D429B5_element_28","ELEMENT":"7BA389647C58DB28540CFC4E17D429B5_element_28"}]}
COMMAND: POST /session/2c53a4770d055e4a39f830035ee4e6c0/element/7BA389647C58DB28540CFC4E17D429B5_element_28/click - {}
RESULT: {}
COMMAND: POST /session/2c53a4770d055e4a39f830035ee4e6c0/element - {"using":"xpath","value":"//body/div/md-select-menu//md-option//div[normalize-space(text())='Free: Debian, CentOS, CoreOS, Ubuntu or BYOL (Bring Your Own License)']"}
RESULT: {"using":"xpath","value":"//body/div/md-select-menu//md-option//div[normalize-space(text())='Free: Debian, CentOS, CoreOS, Ubuntu or BYOL (Bring Your Own License)']"}
COMMAND: POST /session/2c53a4770d055e4a39f830035ee4e6c0/execute/sync - {"script":"return (function isElementDisplayed(element) {\n    function nodeIsElement(node) {\n        if (!node) {\n            return false;\n        }\n        switch (node.nodeType) {\n            case Node.ELEMEN ... (7807 more bytes)","args":[{"element-6066-11e4-a52e-4f735466cecf":"7BA389647C58DB28540CFC4E17D429B5_element_29","ELEMENT":"7BA389647C58DB28540CFC4E17D429B5_element_29"}]}
RESULT: {"script":"return (function isElementDisplayed(element) {\n    function nodeIsElement(node) {\n        if (!node) {\n            return false;\n        }\n        switch (node.nodeType) {\n            case Node.ELEMEN ... (7807 more bytes)","args":[{"element-6066-11e4-a52e-4f735466cecf":"7BA389647C58DB28540CFC4E17D429B5_element_29","ELEMENT":"7BA389647C58DB28540CFC4E17D429B5_element_29"}]}
COMMAND: POST /session/2c53a4770d055e4a39f830035ee4e6c0/execute/sync - {"script":"return (function isElementDisplayed(element) {\n    function nodeIsElement(node) {\n        if (!node) {\n            return false;\n        }\n        switch (node.nodeType) {\n            case Node.ELEMEN ... (7807 more bytes)","args":[{"element-6066-11e4-a52e-4f735466cecf":"7BA389647C58DB28540CFC4E17D429B5_element_29","ELEMENT":"7BA389647C58DB28540CFC4E17D429B5_element_29"}]}
RESULT: {"script":"return (function isElementDisplayed(element) {\n    function nodeIsElement(node) {\n        if (!node) {\n            return false;\n        }\n        switch (node.nodeType) {\n            case Node.ELEMEN ... (7807 more bytes)","args":[{"element-6066-11e4-a52e-4f735466cecf":"7BA389647C58DB28540CFC4E17D429B5_element_29","ELEMENT":"7BA389647C58DB28540CFC4E17D429B5_element_29"}]}
COMMAND: POST /session/2c53a4770d055e4a39f830035ee4e6c0/element/7BA389647C58DB28540CFC4E17D429B5_element_29/click - {}
RESULT: {}
COMMAND: POST /session/2c53a4770d055e4a39f830035ee4e6c0/element - {"using":"css selector","value":"form[name=ComputeEngineForm]"}
RESULT: {"using":"css selector","value":"form[name=ComputeEngineForm]"}
COMMAND: POST /session/2c53a4770d055e4a39f830035ee4e6c0/element/7BA389647C58DB28540CFC4E17D429B5_element_25/element - {"using":"css selector","value":"[ng-model=\"listingCtrl.computeServer.series\"]"}
RESULT: {"using":"css selector","value":"[ng-model=\"listingCtrl.computeServer.series\"]"}
COMMAND: POST /session/2c53a4770d055e4a39f830035ee4e6c0/execute/sync - {"script":"return (function isElementDisplayed(element) {\n    function nodeIsElement(node) {\n        if (!node) {\n            return false;\n        }\n        switch (node.nodeType) {\n            case Node.ELEMEN ... (7807 more bytes)","args":[{"element-6066-11e4-a52e-4f735466cecf":"7BA389647C58DB28540CFC4E17D429B5_element_30","ELEMENT":"7BA389647C58DB28540CFC4E17D429B5_element_30"}]}
RESULT: {"script":"return (function isElementDisplayed(element) {\n    function nodeIsElement(node) {\n        if (!node) {\n            return false;\n        }\n        switch (node.nodeType) {\n            case Node.ELEMEN ... (7807 more bytes)","args":[{"element-6066-11e4-a52e-4f735466cecf":"7BA389647C58DB28540CFC4E17D429B5_element_30","ELEMENT":"7BA389647C58DB28540CFC4E17D429B5_element_30"}]}
COMMAND: POST /session/2c53a4770d055e4a39f830035ee4e6c0/element/7BA389647C58DB28540CFC4E17D429B5_element_30/click - {}
RESULT: {}
COMMAND: POST /session/2c53a4770d055e4a39f830035ee4e6c0/element - {"using":"xpath","value":"//body/div/md-select-menu//md-option//div[normalize-space(text())='N1']"}
RESULT: {"using":"xpath","value":"//body/div/md-select-menu//md-option//div[normalize-space(text())='N1']"}
COMMAND: POST /session/2c53a4770d055e4a39f830035ee4e6c0/element - {"using":"xpath","value":"//body/div/md-select-menu//md-option//div[normalize-space(text())='N1']"}
RESULT: {"using":"xpath","value":"//body/div/md-select-menu//md-option//div[normalize-space(text())='N1']"}
COMMAND: POST /session/2c53a4770d055e4a39f830035ee4e6c0/element - {"using":"xpath","value":"//body/div/md-select-menu//md-option//div[normalize-space(text())='N1']"}
RESULT: {"using":"xpath","value":"//body/div/md-select-menu//md-option//div[normalize-space(text())='N1']"}
COMMAND: POST /session/2c53a4770d055e4a39f830035ee4e6c0/execute/sync - {"script":"return (function isElementDisplayed(element) {\n    function nodeIsElement(node) {\n        if (!node) {\n            return false;\n        }\n        switch (node.nodeType) {\n            case Node.ELEMEN ... (7807 more bytes)","args":[{"element-6066-11e4-a52e-4f735466cecf":"7BA389647C58DB28540CFC4E17D429B5_element_31","ELEMENT":"7BA389647C58DB28540CFC4E17D429B5_element_31"}]}
RESULT: {"script":"return (function isElementDisplayed(element) {\n    function nodeIsElement(node) {\n        if (!node) {\n            return false;\n        }\n        switch (node.nodeType) {\n            case Node.ELEMEN ... (7807 more bytes)","args":[{"element-6066-11e4-a52e-4f735466cecf":"7BA389647C58DB28540CFC4E17D429B5_element_31","ELEMENT":"7BA389647C58DB28540CFC4E17D429B5_element_31"}]}
COMMAND: POST /session/2c53a4770d055e4a39f830035ee4e6c0/element/7BA389647C58DB28540CFC4E17D429B5_element_31/click - {}
RESULT: {}
COMMAND: POST /session/2c53a4770d055e4a39f830035ee4e6c0/element - {"using":"css selector","value":"form[name=ComputeEngineForm]"}
RESULT: {"using":"css selector","value":"form[name=ComputeEngineForm]"}
COMMAND: POST /session/2c53a4770d055e4a39f830035ee4e6c0/element/7BA389647C58DB28540CFC4E17D429B5_element_25/element - {"using":"css selector","value":"[ng-model=\"listingCtrl.computeServer.instance\"]"}
RESULT: {"using":"css selector","value":"[ng-model=\"listingCtrl.computeServer.instance\"]"}
COMMAND: POST /session/2c53a4770d055e4a39f830035ee4e6c0/execute/sync - {"script":"return (function isElementDisplayed(element) {\n    function nodeIsElement(node) {\n        if (!node) {\n            return false;\n        }\n        switch (node.nodeType) {\n            case Node.ELEMEN ... (7807 more bytes)","args":[{"element-6066-11e4-a52e-4f735466cecf":"7BA389647C58DB28540CFC4E17D429B5_element_266","ELEMENT":"7BA389647C58DB28540CFC4E17D429B5_element_266"}]}
RESULT: {"script":"return (function isElementDisplayed(element) {\n    function nodeIsElement(node) {\n        if (!node) {\n            return false;\n        }\n        switch (node.nodeType) {\n            case Node.ELEMEN ... (7807 more bytes)","args":[{"element-6066-11e4-a52e-4f735466cecf":"7BA389647C58DB28540CFC4E17D429B5_element_266","ELEMENT":"7BA389647C58DB28540CFC4E17D429B5_element_266"}]}
COMMAND: POST /session/2c53a4770d055e4a39f830035ee4e6c0/element/7BA389647C58DB28540CFC4E17D429B5_element_266/click - {}
RESULT: {}
COMMAND: POST /session/2c53a4770d055e4a39f830035ee4e6c0/element - {"using":"xpath","value":"//body/div/md-select-menu//md-option//div[normalize-space(text())='n1-standard-8 (vCPUs: 8, RAM: 30GB)']"}
RESULT: {"using":"xpath","value":"//body/div/md-select-menu//md-option//div[normalize-space(text())='n1-standard-8 (vCPUs: 8, RAM: 30GB)']"}
COMMAND: POST /session/2c53a4770d055e4a39f830035ee4e6c0/execute/sync - {"script":"return (function isElementDisplayed(element) {\n    function nodeIsElement(node) {\n        if (!node) {\n            return false;\n        }\n        switch (node.nodeType) {\n            case Node.ELEMEN ... (7807 more bytes)","args":[{"element-6066-11e4-a52e-4f735466cecf":"7BA389647C58DB28540CFC4E17D429B5_element_267","ELEMENT":"7BA389647C58DB28540CFC4E17D429B5_element_267"}]}
RESULT: {"script":"return (function isElementDisplayed(element) {\n    function nodeIsElement(node) {\n        if (!node) {\n            return false;\n        }\n        switch (node.nodeType) {\n            case Node.ELEMEN ... (7807 more bytes)","args":[{"element-6066-11e4-a52e-4f735466cecf":"7BA389647C58DB28540CFC4E17D429B5_element_267","ELEMENT":"7BA389647C58DB28540CFC4E17D429B5_element_267"}]}
COMMAND: POST /session/2c53a4770d055e4a39f830035ee4e6c0/execute/sync - {"script":"return (function isElementDisplayed(element) {\n    function nodeIsElement(node) {\n        if (!node) {\n            return false;\n        }\n        switch (node.nodeType) {\n            case Node.ELEMEN ... (7807 more bytes)","args":[{"element-6066-11e4-a52e-4f735466cecf":"7BA389647C58DB28540CFC4E17D429B5_element_267","ELEMENT":"7BA389647C58DB28540CFC4E17D429B5_element_267"}]}
RESULT: {"script":"return (function isElementDisplayed(element) {\n    function nodeIsElement(node) {\n        if (!node) {\n            return false;\n        }\n        switch (node.nodeType) {\n            case Node.ELEMEN ... (7807 more bytes)","args":[{"element-6066-11e4-a52e-4f735466cecf":"7BA389647C58DB28540CFC4E17D429B5_element_267","ELEMENT":"7BA389647C58DB28540CFC4E17D429B5_element_267"}]}
COMMAND: POST /session/2c53a4770d055e4a39f830035ee4e6c0/element/7BA389647C58DB28540CFC4E17D429B5_element_267/click - {}
RESULT: {}
COMMAND: POST /session/2c53a4770d055e4a39f830035ee4e6c0/element - {"using":"css selector","value":"form[name=ComputeEngineForm]"}
RESULT: {"using":"css selector","value":"form[name=ComputeEngineForm]"}
COMMAND: POST /session/2c53a4770d055e4a39f830035ee4e6c0/element/7BA389647C58DB28540CFC4E17D429B5_element_25/element - {"using":"css selector","value":"[ng-model=\"listingCtrl.computeServer.addGPUs\"]"}
RESULT: {"using":"css selector","value":"[ng-model=\"listingCtrl.computeServer.addGPUs\"]"}
COMMAND: POST /session/2c53a4770d055e4a39f830035ee4e6c0/execute/sync - {"script":"return (function isElementDisplayed(element) {\n    function nodeIsElement(node) {\n        if (!node) {\n            return false;\n        }\n        switch (node.nodeType) {\n            case Node.ELEMEN ... (7807 more bytes)","args":[{"element-6066-11e4-a52e-4f735466cecf":"7BA389647C58DB28540CFC4E17D429B5_element_254","ELEMENT":"7BA389647C58DB28540CFC4E17D429B5_element_254"}]}
RESULT: {"script":"return (function isElementDisplayed(element) {\n    function nodeIsElement(node) {\n        if (!node) {\n            return false;\n        }\n        switch (node.nodeType) {\n            case Node.ELEMEN ... (7807 more bytes)","args":[{"element-6066-11e4-a52e-4f735466cecf":"7BA389647C58DB28540CFC4E17D429B5_element_254","ELEMENT":"7BA389647C58DB28540CFC4E17D429B5_element_254"}]}
COMMAND: POST /session/2c53a4770d055e4a39f830035ee4e6c0/element/7BA389647C58DB28540CFC4E17D429B5_element_254/click - {}
RESULT: {}
COMMAND: POST /session/2c53a4770d055e4a39f830035ee4e6c0/element - {"using":"css selector","value":"form[name=ComputeEngineForm]"}
RESULT: {"using":"css selector","value":"form[name=ComputeEngineForm]"}
COMMAND: POST /session/2c53a4770d055e4a39f830035ee4e6c0/element/7BA389647C58DB28540CFC4E17D429B5_element_25/element - {"using":"css selector","value":"[ng-model=\"listingCtrl.computeServer.gpuType\"]"}
RESULT: {"using":"css selector","value":"[ng-model=\"listingCtrl.computeServer.gpuType\"]"}
COMMAND: POST /session/2c53a4770d055e4a39f830035ee4e6c0/execute/sync - {"script":"return (function isElementDisplayed(element) {\n    function nodeIsElement(node) {\n        if (!node) {\n            return false;\n        }\n        switch (node.nodeType) {\n            case Node.ELEMEN ... (7807 more bytes)","args":[{"element-6066-11e4-a52e-4f735466cecf":"7BA389647C58DB28540CFC4E17D429B5_element_269","ELEMENT":"7BA389647C58DB28540CFC4E17D429B5_element_269"}]}
RESULT: {"script":"return (function isElementDisplayed(element) {\n    function nodeIsElement(node) {\n        if (!node) {\n            return false;\n        }\n        switch (node.nodeType) {\n            case Node.ELEMEN ... (7807 more bytes)","args":[{"element-6066-11e4-a52e-4f735466cecf":"7BA389647C58DB28540CFC4E17D429B5_element_269","ELEMENT":"7BA389647C58DB28540CFC4E17D429B5_element_269"}]}
COMMAND: POST /session/2c53a4770d055e4a39f830035ee4e6c0/element/7BA389647C58DB28540CFC4E17D429B5_element_269/click - {}
RESULT: {}
COMMAND: POST /session/2c53a4770d055e4a39f830035ee4e6c0/element - {"using":"xpath","value":"//body/div/md-select-menu//md-option//div[normalize-space(text())='NVIDIA Tesla V100']"}
RESULT: {"using":"xpath","value":"//body/div/md-select-menu//md-option//div[normalize-space(text())='NVIDIA Tesla V100']"}
COMMAND: POST /session/2c53a4770d055e4a39f830035ee4e6c0/execute/sync - {"script":"return (function isElementDisplayed(element) {\n    function nodeIsElement(node) {\n        if (!node) {\n            return false;\n        }\n        switch (node.nodeType) {\n            case Node.ELEMEN ... (7807 more bytes)","args":[{"element-6066-11e4-a52e-4f735466cecf":"7BA389647C58DB28540CFC4E17D429B5_element_270","ELEMENT":"7BA389647C58DB28540CFC4E17D429B5_element_270"}]}
RESULT: {"script":"return (function isElementDisplayed(element) {\n    function nodeIsElement(node) {\n        if (!node) {\n            return false;\n        }\n        switch (node.nodeType) {\n            case Node.ELEMEN ... (7807 more bytes)","args":[{"element-6066-11e4-a52e-4f735466cecf":"7BA389647C58DB28540CFC4E17D429B5_element_270","ELEMENT":"7BA389647C58DB28540CFC4E17D429B5_element_270"}]}
COMMAND: POST /session/2c53a4770d055e4a39f830035ee4e6c0/execute/sync - {"script":"return (function isElementDisplayed(element) {\n    function nodeIsElement(node) {\n        if (!node) {\n            return false;\n        }\n        switch (node.nodeType) {\n            case Node.ELEMEN ... (7807 more bytes)","args":[{"element-6066-11e4-a52e-4f735466cecf":"7BA389647C58DB28540CFC4E17D429B5_element_270","ELEMENT":"7BA389647C58DB28540CFC4E17D429B5_element_270"}]}
RESULT: {"script":"return (function isElementDisplayed(element) {\n    function nodeIsElement(node) {\n        if (!node) {\n            return false;\n        }\n        switch (node.nodeType) {\n            case Node.ELEMEN ... (7807 more bytes)","args":[{"element-6066-11e4-a52e-4f735466cecf":"7BA389647C58DB28540CFC4E17D429B5_element_270","ELEMENT":"7BA389647C58DB28540CFC4E17D429B5_element_270"}]}
COMMAND: POST /session/2c53a4770d055e4a39f830035ee4e6c0/element/7BA389647C58DB28540CFC4E17D429B5_element_270/click - {}
RESULT: {}
COMMAND: POST /session/2c53a4770d055e4a39f830035ee4e6c0/element - {"using":"css selector","value":"form[name=ComputeEngineForm]"}
RESULT: {"using":"css selector","value":"form[name=ComputeEngineForm]"}
COMMAND: POST /session/2c53a4770d055e4a39f830035ee4e6c0/element/7BA389647C58DB28540CFC4E17D429B5_element_25/element - {"using":"css selector","value":"[ng-model=\"listingCtrl.computeServer.gpuCount\"]"}
RESULT: {"using":"css selector","value":"[ng-model=\"listingCtrl.computeServer.gpuCount\"]"}
COMMAND: POST /session/2c53a4770d055e4a39f830035ee4e6c0/execute/sync - {"script":"return (function isElementDisplayed(element) {\n    function nodeIsElement(node) {\n        if (!node) {\n            return false;\n        }\n        switch (node.nodeType) {\n            case Node.ELEMEN ... (7807 more bytes)","args":[{"element-6066-11e4-a52e-4f735466cecf":"7BA389647C58DB28540CFC4E17D429B5_element_271","ELEMENT":"7BA389647C58DB28540CFC4E17D429B5_element_271"}]}
RESULT: {"script":"return (function isElementDisplayed(element) {\n    function nodeIsElement(node) {\n        if (!node) {\n            return false;\n        }\n        switch (node.nodeType) {\n            case Node.ELEMEN ... (7807 more bytes)","args":[{"element-6066-11e4-a52e-4f735466cecf":"7BA389647C58DB28540CFC4E17D429B5_element_271","ELEMENT":"7BA389647C58DB28540CFC4E17D429B5_element_271"}]}
COMMAND: POST /session/2c53a4770d055e4a39f830035ee4e6c0/element/7BA389647C58DB28540CFC4E17D429B5_element_271/click - {}
RESULT: {}
COMMAND: POST /session/2c53a4770d055e4a39f830035ee4e6c0/element - {"using":"xpath","value":"//body/div/md-select-menu//md-option//div[normalize-space(text())='2']"}
RESULT: {"using":"xpath","value":"//body/div/md-select-menu//md-option//div[normalize-space(text())='2']"}
COMMAND: POST /session/2c53a4770d055e4a39f830035ee4e6c0/element - {"using":"xpath","value":"//body/div/md-select-menu//md-option//div[normalize-space(text())='2']"}
RESULT: {"using":"xpath","value":"//body/div/md-select-menu//md-option//div[normalize-space(text())='2']"}
COMMAND: POST /session/2c53a4770d055e4a39f830035ee4e6c0/element - {"using":"xpath","value":"//body/div/md-select-menu//md-option//div[normalize-space(text())='2']"}
RESULT: {"using":"xpath","value":"//body/div/md-select-menu//md-option//div[normalize-space(text())='2']"}
COMMAND: POST /session/2c53a4770d055e4a39f830035ee4e6c0/execute/sync - {"script":"return (function isElementDisplayed(element) {\n    function nodeIsElement(node) {\n        if (!node) {\n            return false;\n        }\n        switch (node.nodeType) {\n            case Node.ELEMEN ... (7807 more bytes)","args":[{"element-6066-11e4-a52e-4f735466cecf":"7BA389647C58DB28540CFC4E17D429B5_element_272","ELEMENT":"7BA389647C58DB28540CFC4E17D429B5_element_272"}]}
RESULT: {"script":"return (function isElementDisplayed(element) {\n    function nodeIsElement(node) {\n        if (!node) {\n            return false;\n        }\n        switch (node.nodeType) {\n            case Node.ELEMEN ... (7807 more bytes)","args":[{"element-6066-11e4-a52e-4f735466cecf":"7BA389647C58DB28540CFC4E17D429B5_element_272","ELEMENT":"7BA389647C58DB28540CFC4E17D429B5_element_272"}]}
COMMAND: POST /session/2c53a4770d055e4a39f830035ee4e6c0/element/7BA389647C58DB28540CFC4E17D429B5_element_272/click - {}
RESULT: {}
COMMAND: POST /session/2c53a4770d055e4a39f830035ee4e6c0/element - {"using":"css selector","value":"form[name=ComputeEngineForm]"}
RESULT: {"using":"css selector","value":"form[name=ComputeEngineForm]"}
COMMAND: POST /session/2c53a4770d055e4a39f830035ee4e6c0/element/7BA389647C58DB28540CFC4E17D429B5_element_25/element - {"using":"css selector","value":"[ng-model=\"listingCtrl.computeServer.ssd\"]"}
RESULT: {"using":"css selector","value":"[ng-model=\"listingCtrl.computeServer.ssd\"]"}
COMMAND: POST /session/2c53a4770d055e4a39f830035ee4e6c0/execute/sync - {"script":"return (function isElementDisplayed(element) {\n    function nodeIsElement(node) {\n        if (!node) {\n            return false;\n        }\n        switch (node.nodeType) {\n            case Node.ELEMEN ... (7807 more bytes)","args":[{"element-6066-11e4-a52e-4f735466cecf":"7BA389647C58DB28540CFC4E17D429B5_element_273","ELEMENT":"7BA389647C58DB28540CFC4E17D429B5_element_273"}]}
RESULT: {"script":"return (function isElementDisplayed(element) {\n    function nodeIsElement(node) {\n        if (!node) {\n            return false;\n        }\n        switch (node.nodeType) {\n            case Node.ELEMEN ... (7807 more bytes)","args":[{"element-6066-11e4-a52e-4f735466cecf":"7BA389647C58DB28540CFC4E17D429B5_element_273","ELEMENT":"7BA389647C58DB28540CFC4E17D429B5_element_273"}]}
COMMAND: POST /session/2c53a4770d055e4a39f830035ee4e6c0/element/7BA389647C58DB28540CFC4E17D429B5_element_273/click - {}
RESULT: {}
COMMAND: POST /session/2c53a4770d055e4a39f830035ee4e6c0/element - {"using":"xpath","value":"//body/div/md-select-menu//md-option//div[normalize-space(text())='2x375 GB']"}
RESULT: {"using":"xpath","value":"//body/div/md-select-menu//md-option//div[normalize-space(text())='2x375 GB']"}
COMMAND: POST /session/2c53a4770d055e4a39f830035ee4e6c0/element - {"using":"xpath","value":"//body/div/md-select-menu//md-option//div[normalize-space(text())='2x375 GB']"}
RESULT: {"using":"xpath","value":"//body/div/md-select-menu//md-option//div[normalize-space(text())='2x375 GB']"}
COMMAND: POST /session/2c53a4770d055e4a39f830035ee4e6c0/element - {"using":"xpath","value":"//body/div/md-select-menu//md-option//div[normalize-space(text())='2x375 GB']"}
RESULT: {"using":"xpath","value":"//body/div/md-select-menu//md-option//div[normalize-space(text())='2x375 GB']"}
COMMAND: POST /session/2c53a4770d055e4a39f830035ee4e6c0/execute/sync - {"script":"return (function isElementDisplayed(element) {\n    function nodeIsElement(node) {\n        if (!node) {\n            return false;\n        }\n        switch (node.nodeType) {\n            case Node.ELEMEN ... (7807 more bytes)","args":[{"element-6066-11e4-a52e-4f735466cecf":"7BA389647C58DB28540CFC4E17D429B5_element_274","ELEMENT":"7BA389647C58DB28540CFC4E17D429B5_element_274"}]}
RESULT: {"script":"return (function isElementDisplayed(element) {\n    function nodeIsElement(node) {\n        if (!node) {\n            return false;\n        }\n        switch (node.nodeType) {\n            case Node.ELEMEN ... (7807 more bytes)","args":[{"element-6066-11e4-a52e-4f735466cecf":"7BA389647C58DB28540CFC4E17D429B5_element_274","ELEMENT":"7BA389647C58DB28540CFC4E17D429B5_element_274"}]}
COMMAND: POST /session/2c53a4770d055e4a39f830035ee4e6c0/element/7BA389647C58DB28540CFC4E17D429B5_element_274/click - {}
RESULT: {}
COMMAND: POST /session/2c53a4770d055e4a39f830035ee4e6c0/element - {"using":"css selector","value":"form[name=ComputeEngineForm]"}
RESULT: {"using":"css selector","value":"form[name=ComputeEngineForm]"}
COMMAND: POST /session/2c53a4770d055e4a39f830035ee4e6c0/element/7BA389647C58DB28540CFC4E17D429B5_element_25/element - {"using":"css selector","value":"[ng-model=\"listingCtrl.computeServer.location\"]"}
RESULT: {"using":"css selector","value":"[ng-model=\"listingCtrl.computeServer.location\"]"}
COMMAND: POST /session/2c53a4770d055e4a39f830035ee4e6c0/execute/sync - {"script":"return (function isElementDisplayed(element) {\n    function nodeIsElement(node) {\n        if (!node) {\n            return false;\n        }\n        switch (node.nodeType) {\n            case Node.ELEMEN ... (7807 more bytes)","args":[{"element-6066-11e4-a52e-4f735466cecf":"7BA389647C58DB28540CFC4E17D429B5_element_275","ELEMENT":"7BA389647C58DB28540CFC4E17D429B5_element_275"}]}
RESULT: {"script":"return (function isElementDisplayed(element) {\n    function nodeIsElement(node) {\n        if (!node) {\n            return false;\n        }\n        switch (node.nodeType) {\n            case Node.ELEMEN ... (7807 more bytes)","args":[{"element-6066-11e4-a52e-4f735466cecf":"7BA389647C58DB28540CFC4E17D429B5_element_275","ELEMENT":"7BA389647C58DB28540CFC4E17D429B5_element_275"}]}
COMMAND: POST /session/2c53a4770d055e4a39f830035ee4e6c0/element/7BA389647C58DB28540CFC4E17D429B5_element_275/click - {}
RESULT: {}
COMMAND: POST /session/2c53a4770d055e4a39f830035ee4e6c0/element - {"using":"xpath","value":"//body/div/md-select-menu//md-option//div[normalize-space(text())='Netherlands (europe-west4)']"}
RESULT: {"using":"xpath","value":"//body/div/md-select-menu//md-option//div[normalize-space(text())='Netherlands (europe-west4)']"}
COMMAND: POST /session/2c53a4770d055e4a39f830035ee4e6c0/element - {"using":"xpath","value":"//body/div/md-select-menu//md-option//div[normalize-space(text())='Netherlands (europe-west4)']"}
RESULT: {"using":"xpath","value":"//body/div/md-select-menu//md-option//div[normalize-space(text())='Netherlands (europe-west4)']"}
COMMAND: POST /session/2c53a4770d055e4a39f830035ee4e6c0/element - {"using":"xpath","value":"//body/div/md-select-menu//md-option//div[normalize-space(text())='Netherlands (europe-west4)']"}
RESULT: {"using":"xpath","value":"//body/div/md-select-menu//md-option//div[normalize-space(text())='Netherlands (europe-west4)']"}
COMMAND: POST /session/2c53a4770d055e4a39f830035ee4e6c0/execute/sync - {"script":"return (function isElementDisplayed(element) {\n    function nodeIsElement(node) {\n        if (!node) {\n            return false;\n        }\n        switch (node.nodeType) {\n            case Node.ELEMEN ... (7807 more bytes)","args":[{"element-6066-11e4-a52e-4f735466cecf":"7BA389647C58DB28540CFC4E17D429B5_element_276","ELEMENT":"7BA389647C58DB28540CFC4E17D429B5_element_276"}]}
RESULT: {"script":"return (function isElementDisplayed(element) {\n    function nodeIsElement(node) {\n        if (!node) {\n            return false;\n        }\n        switch (node.nodeType) {\n            case Node.ELEMEN ... (7807 more bytes)","args":[{"element-6066-11e4-a52e-4f735466cecf":"7BA389647C58DB28540CFC4E17D429B5_element_276","ELEMENT":"7BA389647C58DB28540CFC4E17D429B5_element_276"}]}
COMMAND: POST /session/2c53a4770d055e4a39f830035ee4e6c0/element/7BA389647C58DB28540CFC4E17D429B5_element_276/click - {}
RESULT: {}
COMMAND: POST /session/2c53a4770d055e4a39f830035ee4e6c0/element - {"using":"css selector","value":"form[name=ComputeEngineForm]"}
RESULT: {"using":"css selector","value":"form[name=ComputeEngineForm]"}
COMMAND: POST /session/2c53a4770d055e4a39f830035ee4e6c0/element/7BA389647C58DB28540CFC4E17D429B5_element_25/element - {"using":"css selector","value":"[ng-model=\"listingCtrl.computeServer.cud\"]"}
RESULT: {"using":"css selector","value":"[ng-model=\"listingCtrl.computeServer.cud\"]"}
COMMAND: POST /session/2c53a4770d055e4a39f830035ee4e6c0/execute/sync - {"script":"return (function isElementDisplayed(element) {\n    function nodeIsElement(node) {\n        if (!node) {\n            return false;\n        }\n        switch (node.nodeType) {\n            case Node.ELEMEN ... (7807 more bytes)","args":[{"element-6066-11e4-a52e-4f735466cecf":"7BA389647C58DB28540CFC4E17D429B5_element_277","ELEMENT":"7BA389647C58DB28540CFC4E17D429B5_element_277"}]}
RESULT: {"script":"return (function isElementDisplayed(element) {\n    function nodeIsElement(node) {\n        if (!node) {\n            return false;\n        }\n        switch (node.nodeType) {\n            case Node.ELEMEN ... (7807 more bytes)","args":[{"element-6066-11e4-a52e-4f735466cecf":"7BA389647C58DB28540CFC4E17D429B5_element_277","ELEMENT":"7BA389647C58DB28540CFC4E17D429B5_element_277"}]}
COMMAND: POST /session/2c53a4770d055e4a39f830035ee4e6c0/element/7BA389647C58DB28540CFC4E17D429B5_element_277/click - {}
RESULT: {}
COMMAND: POST /session/2c53a4770d055e4a39f830035ee4e6c0/element - {"using":"xpath","value":"//body/div/md-select-menu//md-option//div[normalize-space(text())='1 Year']"}
RESULT: {"using":"xpath","value":"//body/div/md-select-menu//md-option//div[normalize-space(text())='1 Year']"}
COMMAND: POST /session/2c53a4770d055e4a39f830035ee4e6c0/element - {"using":"xpath","value":"//body/div/md-select-menu//md-option//div[normalize-space(text())='1 Year']"}
RESULT: {"using":"xpath","value":"//body/div/md-select-menu//md-option//div[normalize-space(text())='1 Year']"}
COMMAND: POST /session/2c53a4770d055e4a39f830035ee4e6c0/element - {"using":"xpath","value":"//body/div/md-select-menu//md-option//div[normalize-space(text())='1 Year']"}
RESULT: {"using":"xpath","value":"//body/div/md-select-menu//md-option//div[normalize-space(text())='1 Year']"}
COMMAND: POST /session/2c53a4770d055e4a39f830035ee4e6c0/execute/sync - {"script":"return (function isElementDisplayed(element) {\n    function nodeIsElement(node) {\n        if (!node) {\n            return false;\n        }\n        switch (node.nodeType) {\n            case Node.ELEMEN ... (7807 more bytes)","args":[{"element-6066-11e4-a52e-4f735466cecf":"7BA389647C58DB28540CFC4E17D429B5_element_278","ELEMENT":"7BA389647C58DB28540CFC4E17D429B5_element_278"}]}
RESULT: {"script":"return (function isElementDisplayed(element) {\n    function nodeIsElement(node) {\n        if (!node) {\n            return false;\n        }\n        switch (node.nodeType) {\n            case Node.ELEMEN ... (7807 more bytes)","args":[{"element-6066-11e4-a52e-4f735466cecf":"7BA389647C58DB28540CFC4E17D429B5_element_278","ELEMENT":"7BA389647C58DB28540CFC4E17D429B5_element_278"}]}
COMMAND: POST /session/2c53a4770d055e4a39f830035ee4e6c0/element/7BA389647C58DB28540CFC4E17D429B5_element_278/click - {}
RESULT: {}
COMMAND: POST /session/2c53a4770d055e4a39f830035ee4e6c0/element - {"using":"css selector","value":"md-tabs"}
RESULT: {"using":"css selector","value":"md-tabs"}
COMMAND: POST /session/2c53a4770d055e4a39f830035ee4e6c0/element/7BA389647C58DB28540CFC4E17D429B5_element_279/element - {"using":"xpath","value":"//button[@ng-click=\"listingCtrl.addComputeServer(ComputeEngineForm);\"]"}
RESULT: {"using":"xpath","value":"//button[@ng-click=\"listingCtrl.addComputeServer(ComputeEngineForm);\"]"}
COMMAND: POST /session/2c53a4770d055e4a39f830035ee4e6c0/element/7BA389647C58DB28540CFC4E17D429B5_element_66/click - {}
RESULT: {}
COMMAND: POST /session/2c53a4770d055e4a39f830035ee4e6c0/element - {"using":"css selector","value":"md-content #compute"}
RESULT: {"using":"css selector","value":"md-content #compute"}
COMMAND: POST /session/2c53a4770d055e4a39f830035ee4e6c0/element/7BA389647C58DB28540CFC4E17D429B5_element_303/element - {"using":"xpath","value":"//div//b[contains(text(),\"Estimated Component Cost:\")]"}
RESULT: {"using":"xpath","value":"//div//b[contains(text(),\"Estimated Component Cost:\")]"}
COMMAND: POST /session/2c53a4770d055e4a39f830035ee4e6c0/execute/sync - {"script":"return (function isElementDisplayed(element) {\n    function nodeIsElement(node) {\n        if (!node) {\n            return false;\n        }\n        switch (node.nodeType) {\n            case Node.ELEMEN ... (7807 more bytes)","args":[{"element-6066-11e4-a52e-4f735466cecf":"7BA389647C58DB28540CFC4E17D429B5_element_304","ELEMENT":"7BA389647C58DB28540CFC4E17D429B5_element_304"}]}
RESULT: {"script":"return (function isElementDisplayed(element) {\n    function nodeIsElement(node) {\n        if (!node) {\n            return false;\n        }\n        switch (node.nodeType) {\n            case Node.ELEMEN ... (7807 more bytes)","args":[{"element-6066-11e4-a52e-4f735466cecf":"7BA389647C58DB28540CFC4E17D429B5_element_304","ELEMENT":"7BA389647C58DB28540CFC4E17D429B5_element_304"}]}
COMMAND: GET /session/2c53a4770d055e4a39f830035ee4e6c0/element/7BA389647C58DB28540CFC4E17D429B5_element_304/text - {}
RESULT: {}
COMMAND: POST /session/2c53a4770d055e4a39f830035ee4e6c0/element - {"using":"css selector","value":"#resultBlock"}
RESULT: {"using":"css selector","value":"#resultBlock"}
COMMAND: POST /session/2c53a4770d055e4a39f830035ee4e6c0/element/7BA389647C58DB28540CFC4E17D429B5_element_305/element - {"using":"xpath","value":"//button[@id=\"Email Estimate\"]"}
RESULT: {"using":"xpath","value":"//button[@id=\"Email Estimate\"]"}
COMMAND: POST /session/2c53a4770d055e4a39f830035ee4e6c0/element/7BA389647C58DB28540CFC4E17D429B5_element_306/click - {}
RESULT: {}
COMMAND: GET /session/2c53a4770d055e4a39f830035ee4e6c0/window/handles - {}
RESULT: {}
COMMAND: POST /session/2c53a4770d055e4a39f830035ee4e6c0/window - {"handle":"58D918E31BC76F8B4188219DF493C8E5"}
RESULT: {"handle":"58D918E31BC76F8B4188219DF493C8E5"}
COMMAND: GET /session/2c53a4770d055e4a39f830035ee4e6c0/url - {}
RESULT: {}
COMMAND: GET /session/2c53a4770d055e4a39f830035ee4e6c0/window/handles - {}
RESULT: {}
COMMAND: POST /session/2c53a4770d055e4a39f830035ee4e6c0/execute/sync - {"script":"return (function newWindow(url, windowName, windowFeatures) {\n    window.open(url, windowName || '', windowFeatures || '');\n}).apply(null, arguments)","args":["https://tempail.com/","",""]}
RESULT: {"script":"return (function newWindow(url, windowName, windowFeatures) {\n    window.open(url, windowName || '', windowFeatures || '');\n}).apply(null, arguments)","args":["https://tempail.com/","",""]}
COMMAND: GET /session/2c53a4770d055e4a39f830035ee4e6c0/window/handles - {}
RESULT: {}
COMMAND: GET /session/2c53a4770d055e4a39f830035ee4e6c0/window/handles - {}
RESULT: {}
COMMAND: POST /session/2c53a4770d055e4a39f830035ee4e6c0/window - {"handle":"DC201EF8F6F50850AC1CEEDB0CDDDA0B"}
RESULT: {"handle":"DC201EF8F6F50850AC1CEEDB0CDDDA0B"}
COMMAND: POST /session/2c53a4770d055e4a39f830035ee4e6c0/element - {"using":"xpath","value":"//html[@lang]"}
RESULT: {"using":"xpath","value":"//html[@lang]"}
COMMAND: POST /session/2c53a4770d055e4a39f830035ee4e6c0/element/B5DFB5356D5CF21D1EC1D1BA5B068BF9_element_1/element - {"using":"css selector","value":".kopyala-link"}
RESULT: {"using":"css selector","value":".kopyala-link"}
COMMAND: POST /session/2c53a4770d055e4a39f830035ee4e6c0/element/B5DFB5356D5CF21D1EC1D1BA5B068BF9_element_53/click - {}
RESULT: {}
COMMAND: GET /session/2c53a4770d055e4a39f830035ee4e6c0/window/handles - {}
RESULT: {}
COMMAND: POST /session/2c53a4770d055e4a39f830035ee4e6c0/window - {"handle":"58D918E31BC76F8B4188219DF493C8E5"}
RESULT: {"handle":"58D918E31BC76F8B4188219DF493C8E5"}
COMMAND: GET /session/2c53a4770d055e4a39f830035ee4e6c0/url - {}
RESULT: {}
COMMAND: POST /session/2c53a4770d055e4a39f830035ee4e6c0/element - {"using":"xpath","value":"//devsite-iframe//iframe"}
RESULT: {"using":"xpath","value":"//devsite-iframe//iframe"}
COMMAND: POST /session/2c53a4770d055e4a39f830035ee4e6c0/frame - {"id":{"sessionId":"2c53a4770d055e4a39f830035ee4e6c0","elementId":"66E2DCA07B506E4800375B953AFA8414_element_142","element-6066-11e4-a52e-4f735466cecf":"66E2DCA07B506E4800375B953AFA8414_element_142","selector":"//devsite-iframe//iframe","parent":{"capabilities":{"acceptInsecureCerts":false,"browserName":"chrome","browserVersion":"113.0.5672.127","chrome":{"chromedriverVersion":"113.0.5672.63 (0e1a4471d5ae5bf128b1bd8f4d627c8cbd55f70c-refs/branch-heads/5672@{#912})","userDataDir":"C:\\Users\\bakht\\AppData\\Local\\Temp\\scoped_dir7748_664965452"},"goog:chromeOptions":{"debuggerAddress":"localhost:61577"},"networkConnectionEnabled":false,"pageLoadStrategy":"normal","platformName":"windows","proxy":{},"setWindowRect":true,"_":"8 more keys: [\"strictFileInteractability\",\"timeouts\",\"unhandledPromptBehavior\",\"webauthn:extension:credBlob\",\"webauthn:extension:largeBlob\",\"webauthn:extension:minPinLength\",\"webauthn:extension:prf\",\"webauthn:virtualAuthenticators\"]"}},"isReactElement":false,"isShadowElement":false}}
RESULT: {"id":{"sessionId":"2c53a4770d055e4a39f830035ee4e6c0","elementId":"66E2DCA07B506E4800375B953AFA8414_element_142","element-6066-11e4-a52e-4f735466cecf":"66E2DCA07B506E4800375B953AFA8414_element_142","selector":"//devsite-iframe//iframe","parent":{"capabilities":{"acceptInsecureCerts":false,"browserName":"chrome","browserVersion":"113.0.5672.127","chrome":{"chromedriverVersion":"113.0.5672.63 (0e1a4471d5ae5bf128b1bd8f4d627c8cbd55f70c-refs/branch-heads/5672@{#912})","userDataDir":"C:\\Users\\bakht\\AppData\\Local\\Temp\\scoped_dir7748_664965452"},"goog:chromeOptions":{"debuggerAddress":"localhost:61577"},"networkConnectionEnabled":false,"pageLoadStrategy":"normal","platformName":"windows","proxy":{},"setWindowRect":true,"_":"8 more keys: [\"strictFileInteractability\",\"timeouts\",\"unhandledPromptBehavior\",\"webauthn:extension:credBlob\",\"webauthn:extension:largeBlob\",\"webauthn:extension:minPinLength\",\"webauthn:extension:prf\",\"webauthn:virtualAuthenticators\"]"}},"isReactElement":false,"isShadowElement":false}}
COMMAND: POST /session/2c53a4770d055e4a39f830035ee4e6c0/element - {"using":"css selector","value":"#myFrame"}
RESULT: {"using":"css selector","value":"#myFrame"}
COMMAND: POST /session/2c53a4770d055e4a39f830035ee4e6c0/frame - {"id":{"sessionId":"2c53a4770d055e4a39f830035ee4e6c0","elementId":"A6D8A57A06C22F8683BB5DD7BEA44B52_element_3","element-6066-11e4-a52e-4f735466cecf":"A6D8A57A06C22F8683BB5DD7BEA44B52_element_3","selector":"#myFrame","parent":{"capabilities":{"acceptInsecureCerts":false,"browserName":"chrome","browserVersion":"113.0.5672.127","chrome":{"chromedriverVersion":"113.0.5672.63 (0e1a4471d5ae5bf128b1bd8f4d627c8cbd55f70c-refs/branch-heads/5672@{#912})","userDataDir":"C:\\Users\\bakht\\AppData\\Local\\Temp\\scoped_dir7748_664965452"},"goog:chromeOptions":{"debuggerAddress":"localhost:61577"},"networkConnectionEnabled":false,"pageLoadStrategy":"normal","platformName":"windows","proxy":{},"setWindowRect":true,"_":"8 more keys: [\"strictFileInteractability\",\"timeouts\",\"unhandledPromptBehavior\",\"webauthn:extension:credBlob\",\"webauthn:extension:largeBlob\",\"webauthn:extension:minPinLength\",\"webauthn:extension:prf\",\"webauthn:virtualAuthenticators\"]"}},"isReactElement":false,"isShadowElement":false}}
RESULT: {"id":{"sessionId":"2c53a4770d055e4a39f830035ee4e6c0","elementId":"A6D8A57A06C22F8683BB5DD7BEA44B52_element_3","element-6066-11e4-a52e-4f735466cecf":"A6D8A57A06C22F8683BB5DD7BEA44B52_element_3","selector":"#myFrame","parent":{"capabilities":{"acceptInsecureCerts":false,"browserName":"chrome","browserVersion":"113.0.5672.127","chrome":{"chromedriverVersion":"113.0.5672.63 (0e1a4471d5ae5bf128b1bd8f4d627c8cbd55f70c-refs/branch-heads/5672@{#912})","userDataDir":"C:\\Users\\bakht\\AppData\\Local\\Temp\\scoped_dir7748_664965452"},"goog:chromeOptions":{"debuggerAddress":"localhost:61577"},"networkConnectionEnabled":false,"pageLoadStrategy":"normal","platformName":"windows","proxy":{},"setWindowRect":true,"_":"8 more keys: [\"strictFileInteractability\",\"timeouts\",\"unhandledPromptBehavior\",\"webauthn:extension:credBlob\",\"webauthn:extension:largeBlob\",\"webauthn:extension:minPinLength\",\"webauthn:extension:prf\",\"webauthn:virtualAuthenticators\"]"}},"isReactElement":false,"isShadowElement":false}}
COMMAND: POST /session/2c53a4770d055e4a39f830035ee4e6c0/element - {"using":"css selector","value":"form[name=\"emailForm\""}
RESULT: {"using":"css selector","value":"form[name=\"emailForm\""}
COMMAND: POST /session/2c53a4770d055e4a39f830035ee4e6c0/element/7BA389647C58DB28540CFC4E17D429B5_element_308/element - {"using":"xpath","value":"//input[@ng-model=\"emailQuote.user.email\"]"}
RESULT: {"using":"xpath","value":"//input[@ng-model=\"emailQuote.user.email\"]"}
COMMAND: POST /session/2c53a4770d055e4a39f830035ee4e6c0/execute/sync - {"script":"return (function isElementDisplayed(element) {\n    function nodeIsElement(node) {\n        if (!node) {\n            return false;\n        }\n        switch (node.nodeType) {\n            case Node.ELEMEN ... (7807 more bytes)","args":[{"element-6066-11e4-a52e-4f735466cecf":"7BA389647C58DB28540CFC4E17D429B5_element_309","ELEMENT":"7BA389647C58DB28540CFC4E17D429B5_element_309"}]}
RESULT: {"script":"return (function isElementDisplayed(element) {\n    function nodeIsElement(node) {\n        if (!node) {\n            return false;\n        }\n        switch (node.nodeType) {\n            case Node.ELEMEN ... (7807 more bytes)","args":[{"element-6066-11e4-a52e-4f735466cecf":"7BA389647C58DB28540CFC4E17D429B5_element_309","ELEMENT":"7BA389647C58DB28540CFC4E17D429B5_element_309"}]}
COMMAND: POST /session/2c53a4770d055e4a39f830035ee4e6c0/element/7BA389647C58DB28540CFC4E17D429B5_element_309/click - {}
RESULT: {}
COMMAND: POST /session/2c53a4770d055e4a39f830035ee4e6c0/actions - {"actions":[{"id":"action1","type":"key","parameters":{},"actions":[{"type":"keyDown","value":""},{"type":"keyDown","value":"v"},{"type":"pause","duration":10},{"type":"keyUp","value":""},{"type":"keyUp","value":"v"}]}]}
RESULT: {"actions":[{"id":"action1","type":"key","parameters":{},"actions":[{"type":"keyDown","value":""},{"type":"keyDown","value":"v"},{"type":"pause","duration":10},{"type":"keyUp","value":""},{"type":"keyUp","value":"v"}]}]}
COMMAND: DELETE /session/2c53a4770d055e4a39f830035ee4e6c0/actions - {}
RESULT: {}
COMMAND: POST /session/2c53a4770d055e4a39f830035ee4e6c0/element - {"using":"css selector","value":"form[name=\"emailForm\""}
RESULT: {"using":"css selector","value":"form[name=\"emailForm\""}
COMMAND: POST /session/2c53a4770d055e4a39f830035ee4e6c0/element/7BA389647C58DB28540CFC4E17D429B5_element_308/element - {"using":"xpath","value":"//button[contains(text(),\"Send Email\")]"}
RESULT: {"using":"xpath","value":"//button[contains(text(),\"Send Email\")]"}
COMMAND: POST /session/2c53a4770d055e4a39f830035ee4e6c0/element/7BA389647C58DB28540CFC4E17D429B5_element_310/click - {}
RESULT: {}
COMMAND: GET /session/2c53a4770d055e4a39f830035ee4e6c0/window/handles - {}
RESULT: {}
COMMAND: POST /session/2c53a4770d055e4a39f830035ee4e6c0/window - {"handle":"58D918E31BC76F8B4188219DF493C8E5"}
RESULT: {"handle":"58D918E31BC76F8B4188219DF493C8E5"}
COMMAND: GET /session/2c53a4770d055e4a39f830035ee4e6c0/window/handles - {}
RESULT: {}
COMMAND: POST /session/2c53a4770d055e4a39f830035ee4e6c0/window - {"handle":"58D918E31BC76F8B4188219DF493C8E5"}
RESULT: {"handle":"58D918E31BC76F8B4188219DF493C8E5"}
COMMAND: GET /session/2c53a4770d055e4a39f830035ee4e6c0/url - {}
RESULT: {}
COMMAND: GET /session/2c53a4770d055e4a39f830035ee4e6c0/title - {}
RESULT: {}
COMMAND: POST /session/2c53a4770d055e4a39f830035ee4e6c0/execute/sync - {"script":"return (() => window.name).apply(null, arguments)","args":[]}
RESULT: {"script":"return (() => window.name).apply(null, arguments)","args":[]}
COMMAND: POST /session/2c53a4770d055e4a39f830035ee4e6c0/window - {"handle":"DC201EF8F6F50850AC1CEEDB0CDDDA0B"}
RESULT: {"handle":"DC201EF8F6F50850AC1CEEDB0CDDDA0B"}
COMMAND: GET /session/2c53a4770d055e4a39f830035ee4e6c0/url - {}
RESULT: {}
COMMAND: POST /session/2c53a4770d055e4a39f830035ee4e6c0/element - {"using":"xpath","value":"//html[@lang]"}
RESULT: {"using":"xpath","value":"//html[@lang]"}
COMMAND: POST /session/2c53a4770d055e4a39f830035ee4e6c0/element/B5DFB5356D5CF21D1EC1D1BA5B068BF9_element_1/element - {"using":"css selector","value":"#epostalar li:nth-child(2) a"}
RESULT: {"using":"css selector","value":"#epostalar li:nth-child(2) a"}
COMMAND: POST /session/2c53a4770d055e4a39f830035ee4e6c0/element/B5DFB5356D5CF21D1EC1D1BA5B068BF9_element_1/element - {"using":"css selector","value":"#epostalar li:nth-child(2) a"}
RESULT: {"using":"css selector","value":"#epostalar li:nth-child(2) a"}
COMMAND: POST /session/2c53a4770d055e4a39f830035ee4e6c0/element/B5DFB5356D5CF21D1EC1D1BA5B068BF9_element_1/element - {"using":"css selector","value":"#epostalar li:nth-child(2) a"}
RESULT: {"using":"css selector","value":"#epostalar li:nth-child(2) a"}
COMMAND: POST /session/2c53a4770d055e4a39f830035ee4e6c0/element/B5DFB5356D5CF21D1EC1D1BA5B068BF9_element_1/element - {"using":"css selector","value":"#epostalar li:nth-child(2) a"}
RESULT: {"using":"css selector","value":"#epostalar li:nth-child(2) a"}
COMMAND: POST /session/2c53a4770d055e4a39f830035ee4e6c0/execute/sync - {"script":"return (function isElementDisplayed(element) {\n    function nodeIsElement(node) {\n        if (!node) {\n            return false;\n        }\n        switch (node.nodeType) {\n            case Node.ELEMEN ... (7807 more bytes)","args":[{"element-6066-11e4-a52e-4f735466cecf":"B5DFB5356D5CF21D1EC1D1BA5B068BF9_element_55","ELEMENT":"B5DFB5356D5CF21D1EC1D1BA5B068BF9_element_55"}]}
RESULT: {"script":"return (function isElementDisplayed(element) {\n    function nodeIsElement(node) {\n        if (!node) {\n            return false;\n        }\n        switch (node.nodeType) {\n            case Node.ELEMEN ... (7807 more bytes)","args":[{"element-6066-11e4-a52e-4f735466cecf":"B5DFB5356D5CF21D1EC1D1BA5B068BF9_element_55","ELEMENT":"B5DFB5356D5CF21D1EC1D1BA5B068BF9_element_55"}]}
COMMAND: POST /session/2c53a4770d055e4a39f830035ee4e6c0/element/B5DFB5356D5CF21D1EC1D1BA5B068BF9_element_55/click - {}
RESULT: {}
COMMAND: POST /session/2c53a4770d055e4a39f830035ee4e6c0/element - {"using":"xpath","value":"//iframe[@id=\"iframe\"]"}
RESULT: {"using":"xpath","value":"//iframe[@id=\"iframe\"]"}
COMMAND: POST /session/2c53a4770d055e4a39f830035ee4e6c0/elements - {"using":"xpath","value":"//iframe[@id=\"iframe\"]"}
RESULT: {"using":"xpath","value":"//iframe[@id=\"iframe\"]"}
COMMAND: POST /session/2c53a4770d055e4a39f830035ee4e6c0/elements - {"using":"xpath","value":"//iframe[@id=\"iframe\"]"}
RESULT: {"using":"xpath","value":"//iframe[@id=\"iframe\"]"}
COMMAND: POST /session/2c53a4770d055e4a39f830035ee4e6c0/elements - {"using":"xpath","value":"//iframe[@id=\"iframe\"]"}
RESULT: {"using":"xpath","value":"//iframe[@id=\"iframe\"]"}
COMMAND: POST /session/2c53a4770d055e4a39f830035ee4e6c0/elements - {"using":"xpath","value":"//iframe[@id=\"iframe\"]"}
RESULT: {"using":"xpath","value":"//iframe[@id=\"iframe\"]"}
COMMAND: POST /session/2c53a4770d055e4a39f830035ee4e6c0/elements - {"using":"xpath","value":"//iframe[@id=\"iframe\"]"}
RESULT: {"using":"xpath","value":"//iframe[@id=\"iframe\"]"}
COMMAND: POST /session/2c53a4770d055e4a39f830035ee4e6c0/elements - {"using":"xpath","value":"//iframe[@id=\"iframe\"]"}
RESULT: {"using":"xpath","value":"//iframe[@id=\"iframe\"]"}
COMMAND: POST /session/2c53a4770d055e4a39f830035ee4e6c0/elements - {"using":"xpath","value":"//iframe[@id=\"iframe\"]"}
RESULT: {"using":"xpath","value":"//iframe[@id=\"iframe\"]"}
COMMAND: POST /session/2c53a4770d055e4a39f830035ee4e6c0/elements - {"using":"xpath","value":"//iframe[@id=\"iframe\"]"}
RESULT: {"using":"xpath","value":"//iframe[@id=\"iframe\"]"}
COMMAND: POST /session/2c53a4770d055e4a39f830035ee4e6c0/element - {"using":"xpath","value":"//iframe[@id=\"iframe\"]"}
RESULT: {"using":"xpath","value":"//iframe[@id=\"iframe\"]"}
COMMAND: POST /session/2c53a4770d055e4a39f830035ee4e6c0/execute/sync - {"script":"return (function isElementDisplayed(element) {\n    function nodeIsElement(node) {\n        if (!node) {\n            return false;\n        }\n        switch (node.nodeType) {\n            case Node.ELEMEN ... (7807 more bytes)","args":[{"element-6066-11e4-a52e-4f735466cecf":"7AFFBD70669DECE93737C42CC4980738_element_75","ELEMENT":"7AFFBD70669DECE93737C42CC4980738_element_75"}]}
RESULT: {"script":"return (function isElementDisplayed(element) {\n    function nodeIsElement(node) {\n        if (!node) {\n            return false;\n        }\n        switch (node.nodeType) {\n            case Node.ELEMEN ... (7807 more bytes)","args":[{"element-6066-11e4-a52e-4f735466cecf":"7AFFBD70669DECE93737C42CC4980738_element_75","ELEMENT":"7AFFBD70669DECE93737C42CC4980738_element_75"}]}
COMMAND: POST /session/2c53a4770d055e4a39f830035ee4e6c0/frame - {"id":{"sessionId":"2c53a4770d055e4a39f830035ee4e6c0","error":{"error":"no such element","message":"no such element: Unable to locate element: {\"method\":\"xpath\",\"selector\":\"//iframe[@id=\"iframe\"]\"}\n  (Session info: chrome=113.0.5672.127)","stacktrace":"Backtrace:\n\tGetHandleVerifier [0x00528893+48451]\n\t(No symbol) [0x004BB8A1]\n\t(No symbol) [0x003C5058]\n\t(No symbol) [0x003F0467]\n\t(No symbol) [0x003F069B]\n\t(No symbol) [0x0041DD92]\n\t(No symbol) [0x0040A304]\n\t(No symbol) [0x0041C482]\n\t(No symbol) [0x0040A0B6]\n\t(No symbol) [0x003E7E08]\n\t(No symbol) [0x003E8F2D]\n\tGetHandleVerifier [0x00788E3A+2540266]\n\tGetHandleVerifier [0x007C8959+2801161]\n\tGetHandleVerifier [0x007C295C+2776588]\n\tGetHandleVerifier [0x005B2280+612144]\n\t(No symbol) [0x004C4F6C]\n\t(No symbol) [0x004C11D8]\n\t(No symbol) [0x004C12BB]\n\t(No symbol) [0x004B4857]\n\tBaseThreadInitThunk [0x77127D59+25]\n\tRtlInitializeExceptionChain [0x77A8B74B+107]\n\tRtlClearBits [0x77A8B6CF+191]\n"},"selector":"//iframe[@id=\"iframe\"]","parent":{"capabilities":{"acceptInsecureCerts":false,"browserName":"chrome","browserVersion":"113.0.5672.127","chrome":{"chromedriverVersion":"113.0.5672.63 (0e1a4471d5ae5bf128b1bd8f4d627c8cbd55f70c-refs/branch-heads/5672@{#912})","userDataDir":"C:\\Users\\bakht\\AppData\\Local\\Temp\\scoped_dir7748_664965452"},"goog:chromeOptions":{"debuggerAddress":"localhost:61577"},"networkConnectionEnabled":false,"pageLoadStrategy":"normal","platformName":"windows","proxy":{},"setWindowRect":true,"_":"8 more keys: [\"strictFileInteractability\",\"timeouts\",\"unhandledPromptBehavior\",\"webauthn:extension:credBlob\",\"webauthn:extension:largeBlob\",\"webauthn:extension:minPinLength\",\"webauthn:extension:prf\",\"webauthn:virtualAuthenticators\"]"}},"isReactElement":false,"isShadowElement":false,"elementId":"7AFFBD70669DECE93737C42CC4980738_element_75"}}
COMMAND: GET /session/2c53a4770d055e4a39f830035ee4e6c0/screenshot - {}
RESULT: {}
COMMAND: DELETE /session/2c53a4770d055e4a39f830035ee4e6c0 - {}
RESULT: {}
]]></system-out>
      <system-err><![CDATA[
invalid argument: invalid argument: missing 'ELEMENT'
  (Session info: chrome=113.0.5672.127)
    at process.processTicksAndRejections (node:internal/process/task_queues:95:5)
    at async Context.<anonymous> (E:\Lernen\WDIO\tests\specs\ref2.spec.js:186:5)
]]></system-err>
    </testcase>
  </testsuite>
</testsuites>